make[1]: Entering directory '/home/melles1991/craft-rom/kernel/onclite/out'
  GEN     ./Makefile
scripts/kconfig/conf  --silentoldconfig Kconfig
  CHK     include/config/kernel.release
  GEN     ./Makefile
  CHK     include/generated/uapi/linux/version.h
  CHK     include/generated/utsrelease.h
  Using .. as source for kernel
  CHK     scripts/mod/devicetable-offsets.h
  CHK     include/generated/timeconst.h
  CHK     include/generated/bounds.h
  CHK     include/generated/asm-offsets.h
  CALL    ../scripts/checksyscalls.sh
  CC      init/main.o
  CHK     include/generated/compile.h
  CC      init/do_mounts.o
  CC      init/do_mounts_rd.o
  CC      init/do_mounts_initrd.o
  CC      init/do_mounts_dm.o
  LD      init/mounts.o
  LD      init/built-in.o
  CC      security/pfe/pfk_ice.o
  CC      security/pfe/pfk_ext4.o
  CC      block/bio.o
  CC      block/elevator.o
  CC      fs/open.o
  CC      security/pfe/pfk_f2fs.o
  LD      security/pfe/built-in.o
  CC      block/blk-core.o
  CC      mm/filemap.o
  CC      kernel/fork.o
  CC      fs/super.o
  CC      fs/char_dev.o
  CC      security/selinux/avc.o
  CC      mm/mempool.o
  CC      block/blk-tag.o
  CC      drivers/base/core.o
  CC      mm/oom_kill.o
  CC      security/selinux/hooks.o
  CC      fs/inode.o
  CC      block/blk-sysfs.o
  CC      drivers/block/brd.o
  CC      drivers/base/power/main.o
  CC      block/blk-flush.o
  CC      security/selinux/selinuxfs.o
  CC      drivers/base/power/opp/cpu.o
  CC      kernel/cpu.o
  CC      mm/page_alloc.o
  CC      drivers/block/loop.o
  CC      security/selinux/ss/services.o
  LD      drivers/base/power/opp/built-in.o
  CC      fs/namespace.o
  CC      block/blk-settings.o
  LD      drivers/base/power/built-in.o
  CC      security/selinux/ss/status.o
  CC      kernel/exit.o
  CC      security/selinux/netlabel.o
  LD      security/selinux/selinux.o
  CC      block/blk-ioc.o
  CC      drivers/block/zram/zram_drv.o
  LD      drivers/base/built-in.o
  LD      security/selinux/built-in.o
  CC      security/smack/smack_lsm.o
  CC      fs/libfs.o
  CC      block/blk-map.o
  CC      security/smack/smack_access.o
  CC      kernel/sysctl.o
  LD      drivers/block/zram/zram.o
  LD      drivers/block/zram/built-in.o
  LD      drivers/block/built-in.o
  CC      security/smack/smackfs.o
  CC      block/blk-exec.o
  CC      mm/page-writeback.o
  CC      fs/fs-writeback.o
  LD      security/smack/smack.o
  LD      security/smack/built-in.o
  CC      security/security.o
  CC      mm/readahead.o
  CC      block/blk-merge.o
  CC      block/blk-softirq.o
  CC      block/blk-timeout.o
  CC      security/lsm_audit.o
  CC      mm/swap.o
  CC      fs/sync.o
  CC      mm/truncate.o
  CC      mm/vmscan.o
  CC      block/blk-lib.o
  LD      security/built-in.o
  CC      block/blk-mq.o
  CC      fs/buffer.o
  CC      fs/block_dev.o
  CC      fs/direct-io.o
  CC      kernel/irq/spurious.o
  CC      drivers/char/mem.o
  CC      fs/mpage.o
  CC      mm/shmem.o
  CC      block/blk-mq-tag.o
  LD      kernel/irq/built-in.o
  CC      block/blk-mq-sysfs.o
  CC      block/blk-mq-cpumap.o
  CC      block/ioctl.o
  LD      drivers/char/built-in.o
  CC      mm/backing-dev.o
  CC      fs/configfs/inode.o
  CC      block/genhd.o
  CC      mm/compaction.o
  LD      fs/configfs/configfs.o
  LD      fs/configfs/built-in.o
  CC      block/scsi_ioctl.o
  CC      kernel/power/process.o
  CC      mm/highmem.o
  CC      fs/crypto/keyinfo.o
  LD      kernel/power/built-in.o
  CC      mm/mmap.o
  CC      block/partition-generic.o
  CC      fs/crypto/fscrypt_ice.o
  CC      block/ioprio.o
  LD      fs/crypto/fscrypto.o
  CC      mm/rmap.o
  CC      mm/fadvise.o
  LD      fs/crypto/built-in.o
  CC      drivers/cpufreq/cpufreq.o
  CC      block/partitions/check.o
  CC      drivers/cpufreq/freq_table.o
  CC      mm/madvise.o
  CC      block/partitions/msdos.o
  CC      kernel/sched/core.o
  CC      drivers/cpufreq/cpufreq_stats.o
  CC      mm/page_io.o
  CC      drivers/cpufreq/cpufreq_times.o
  CC      block/partitions/efi.o
  CC      drivers/cpufreq/cpufreq_performance.o
  CC      mm/swap_state.o
  CC      drivers/cpufreq/cpufreq_powersave.o
  LD      block/partitions/built-in.o
  CC      block/bounce.o
  CC      drivers/cpufreq/cpufreq_userspace.o
  CC      drivers/cpufreq/cpufreq_ondemand.o
  CC      mm/swapfile.o
  CC      block/noop-iosched.o
  CC      fs/ext4/balloc.o
  CC      drivers/cpufreq/cpufreq_conservative.o
  CC      drivers/cpufreq/cpufreq_governor.o
  CC      block/cfq-iosched.o
  CC      drivers/cpufreq/cpufreq_governor_attr_set.o
  CC      drivers/cpufreq/cpu-boost.o
  CC      drivers/cpufreq/qcom-cpufreq.o
  CC      mm/migrate.o
  LD      drivers/cpufreq/built-in.o
  CC      fs/ext4/bitmap.o
  CC      block/compat_ioctl.o
  CC      fs/ext4/dir.o
  CC      drivers/crypto/msm/ice.o
  CC      net/ipv4/ipconfig.o
  LD      mm/built-in.o
  CC      kernel/sched/loadavg.o
  CC      lib/vsprintf.o
  CC      kernel/sched/cputime.o
  CC      kernel/sched/idle_task.o
  CC      fs/ext4/file.o
  LD      block/built-in.o
  CC      kernel/sched/fair.o
  CC      kernel/sched/rt.o
  LD      drivers/crypto/msm/built-in.o
  CC      fs/ext4/fsync.o
  DTC     arch/arm64/boot/dts/qcom/apq8016-sbc.dtb
  CC      kernel/sched/deadline.o
  DTC     arch/arm64/boot/dts/qcom/msm8916-mtp.dtb
  DTC     arch/arm64/boot/dts/qcom/msm8996-mtp.dtb
  DTC     arch/arm64/boot/dts/qcom/apq8096-db820c.dtb
  DTC     arch/arm64/boot/dts/qcom/msm8953.dtb
  AR      lib/lib.a
  DTC     arch/arm64/boot/dts/qcom/sdm450.dtb
  LD      drivers/crypto/built-in.o
  DTC     arch/arm64/boot/dts/qcom/apq8053.dtb
  CC      drivers/devfreq/governor_cpufreq.o
  CC      fs/ext4/ialloc.o
  DTC     arch/arm64/boot/dts/qcom/sda450.dtb
  CC      kernel/sched/stop_task.o
  LD      net/ipv4/built-in.o
  LD      drivers/devfreq/built-in.o
  CC      kernel/sched/idle.o
  DTC     arch/arm64/boot/dts/qcom/msm8953-pmi8940.dtb
  DTC     arch/arm64/boot/dts/qcom/msm8953-pmi8937.dtb
  DTC     arch/arm64/boot/dts/qcom/msm8953-ext-codec-rcm-overlay.dtbo
  CC      fs/ext4/inode.o
  EXPORTS lib/lib-ksyms.o
  LD      lib/built-in.o
  CC      kernel/sched/cpupri.o
  CC      kernel/sched/energy.o
  CC      kernel/sched/sched_avg.o
  CC      kernel/sched/walt.o
  DTC     arch/arm64/boot/dts/qcom/msm8953-iot-mtp-overlay.dtbo
  DTC     arch/arm64/boot/dts/qcom/msm8953-ipc-overlay.dtbo
  DTC     arch/arm64/boot/dts/qcom/sdm450-pmi8940.dtb
  CC      fs/ext4/page-io.o
  CC      kernel/sched/boost.o
  DTC     arch/arm64/boot/dts/qcom/sdm450-pmi8937.dtb
  CC      kernel/sched/auto_group.o
  DTC     arch/arm64/boot/dts/qcom/msm8953-qrd-overlay.dtbo
  CC      kernel/trace/blktrace.o
  CC      kernel/sched/stats.o
  CC      fs/ext4/ioctl.o
  CC      kernel/sched/debug.o
  CC      kernel/sched/cpuacct.o
  DTC     arch/arm64/boot/dts/qcom/msm8953-rcm-overlay.dtbo
  DTC     arch/arm64/boot/dts/qcom/sdm450-pmi632.dtb
  CC      kernel/sched/cpufreq.o
  DTC     arch/arm64/boot/dts/qcom/sdm632.dtb
  DTC     arch/arm64/boot/dts/qcom/sdm632-pm8004.dtb
  DTC     arch/arm64/boot/dts/qcom/msm8953-pmi632.dtb
  DTC     arch/arm64/boot/dts/qcom/sda450-pmi632.dtb
  DTC     arch/arm64/boot/dts/qcom/sdm450-qrd-sku4-overlay.dtbo
  CC      kernel/sched/cpufreq_schedutil.o
  CC      kernel/sched/core_ctl.o
  DTC     arch/arm64/boot/dts/qcom/sdm632-ext-codec-cdp-s3-overlay.dtbo
  LD      kernel/sched/built-in.o
  DTC     arch/arm64/boot/dts/qcom/sdm632-ext-codec-mtp-s4-overlay.dtbo
  DTC     arch/arm64/boot/dts/qcom/sdm632-qrd-overlay.dtbo
  DTC     arch/arm64/boot/dts/qcom/sdm632-rcm-overlay.dtbo
  DTC     arch/arm64/boot/dts/qcom/sdm632-rumi-overlay.dtbo
  DTC     arch/arm64/boot/dts/qcom/msm8953-cdp-1200p-overlay.dtbo
  DTC     arch/arm64/boot/dts/qcom/msm8953-cdp-overlay.dtbo
  DTC     arch/arm64/boot/dts/qcom/msm8953-ext-codec-mtp-overlay.dtbo
  DTC     arch/arm64/boot/dts/qcom/msm8953-mtp-overlay.dtbo
  DTC     arch/arm64/boot/dts/qcom/sdm450-cdp-s2-overlay.dtbo
  DTC     arch/arm64/boot/dts/qcom/sdm450-mtp-s3-overlay.dtbo
  CC      fs/ext4/namei.o
  LD      kernel/trace/built-in.o
  CC      fs/ext4/super.o
  CC      fs/f2fs/dir.o
  CC      fs/fat/fatent.o
  CC      fs/ext4/symlink.o
  CC      fs/fat/file.o
  CC      fs/f2fs/file.o
  CC      fs/fuse/dev.o
  CC      fs/fat/inode.o
  CC      drivers/gpu/msm/kgsl.o
  CC      fs/ext4/hash.o
  CC      kernel/cpuset.o
  CC      fs/jbd2/transaction.o
  CC      fs/f2fs/inode.o
  CC      fs/fuse/dir.o
  CC      fs/ext4/resize.o
  LD      fs/fat/fat.o
  LD      fs/fat/built-in.o
  CC      fs/ext4/extents.o
  CC      fs/f2fs/namei.o
  CC      fs/fuse/file.o
  GZIP    kernel/config_data.gz
  CHK     kernel/config_data.h
  CC      fs/jbd2/commit.o
  CC      fs/fuse/inode.o
  UPD     kernel/config_data.h
  CC      kernel/configs.o
  LD      kernel/built-in.o
  CC      drivers/gpu/msm/kgsl_pwrscale.o
  CC      fs/f2fs/hash.o
  CC      fs/jbd2/recovery.o
  CC      fs/jbd2/checkpoint.o
  CC      fs/fuse/control.o
  CC      fs/f2fs/super.o
  CC      fs/f2fs/inline.o
  CC      fs/jbd2/journal.o
  CC      fs/ext4/ext4_jbd2.o
  CC      fs/fuse/xattr.o
  CC      drivers/gpu/msm/kgsl_snapshot.o
  CC      fs/fuse/acl.o
  CC      fs/fuse/passthrough.o
  CC      fs/ext4/migrate.o
  CC      fs/ext4/mballoc.o
  LD      fs/jbd2/jbd2.o
  LD      fs/fuse/fuse.o
  CC      fs/ext4/block_validity.o
  LD      fs/fuse/built-in.o
  CC      drivers/gpu/msm/kgsl_gmu.o
  CC      fs/f2fs/checkpoint.o
  LD      fs/jbd2/built-in.o
  CC      fs/f2fs/gc.o
  CC      fs/kernfs/inode.o
  LD      fs/kernfs/built-in.o
  CC      drivers/gpu/msm/kgsl_hfi.o
  CC      fs/f2fs/data.o
  CC      fs/ext4/move_extent.o
  CC      fs/f2fs/node.o
  CC      drivers/gpu/msm/kgsl_iommu.o
  CC      fs/ext4/mmp.o
  CC      fs/ext4/indirect.o
  CC      fs/ext4/extents_status.o
  CC      fs/ext4/xattr.o
  CC      fs/f2fs/segment.o
  CC      fs/f2fs/recovery.o
  CC      drivers/gpu/msm/adreno_ioctl.o
  CC      fs/f2fs/shrinker.o
  CC      fs/f2fs/extent_cache.o
  CC      drivers/gpu/msm/adreno_ringbuffer.o
  CC      drivers/gpu/msm/adreno_drawctxt.o
  CC      fs/ext4/xattr_user.o
  CC      fs/ext4/xattr_trusted.o
  CC      fs/ext4/inline.o
  CC      drivers/gpu/msm/adreno_dispatch.o
  CC      drivers/hwmon/bat_id.o
  CC      fs/ext4/readpage.o
  CC      fs/f2fs/sysfs.o
  CC      fs/ext4/sysfs.o
  CC      fs/f2fs/debug.o
  CC      fs/ext4/xattr_security.o
  LD      drivers/hwmon/built-in.o
  CC      drivers/gpu/msm/adreno_snapshot.o
  CC      drivers/gpu/msm/adreno_coresight.o
  CC      fs/f2fs/xattr.o
  LD      fs/ext4/ext4.o
  CC      fs/f2fs/acl.o
  LD      fs/ext4/built-in.o
  CC      drivers/gpu/msm/adreno_trace.o
  CC      drivers/gpu/msm/adreno_a3xx.o
  CC      drivers/gpu/msm/adreno_a4xx.o
  LD      fs/f2fs/f2fs.o
  LD      fs/f2fs/built-in.o
  CC      drivers/gpu/msm/adreno_a5xx.o
  CC      drivers/gpu/msm/adreno_a6xx.o
  CC      drivers/gpu/msm/adreno_a3xx_snapshot.o
  CC      fs/proc/base.o
  CC      drivers/gpu/msm/adreno_a4xx_snapshot.o
  CC      fs/ramfs/inode.o
  CC      fs/proc/uid.o
  CC      drivers/gpu/msm/adreno_a5xx_snapshot.o
  LD      fs/ramfs/ramfs.o
  LD      fs/ramfs/built-in.o
  CC      drivers/gpu/msm/adreno_a6xx_snapshot.o
  LD      fs/proc/proc.o
  CC      drivers/gpu/msm/adreno_a4xx_preempt.o
  CC      drivers/input/fingerprint/gf_spi.o
  LD      drivers/input/fingerprint/built-in.o
  CC      net/rmnet_data/rmnet_data_main.o
  CC      drivers/gpu/msm/adreno_a5xx_preempt.o
  CC      drivers/gpu/msm/adreno_a6xx_preempt.o
  CC      drivers/gpu/msm/adreno_sysfs.o
  CC      drivers/gpu/msm/adreno.o
  LD      net/rmnet_data/rmnet_data.o
  CC      drivers/gpu/msm/adreno_cp_parser.o
  CC      drivers/gpu/msm/adreno_perfcounter.o
  LD      net/rmnet_data/built-in.o
  CC      drivers/gpu/msm/adreno_iommu.o
  LD      drivers/input/built-in.o
  CC      drivers/md/dm-uevent.o
  CC      drivers/md/dm.o
  CC      drivers/md/dm-table.o
  LD      fs/proc/built-in.o
  CC      drivers/gpu/msm/adreno_compat.o
  LD      drivers/gpu/msm/msm_kgsl_core.o
  CC      drivers/md/dm-target.o
  LD      drivers/gpu/msm/msm_adreno.o
  LD      net/built-in.o
  CC      drivers/md/dm-linear.o
  CC      fs/sdfat/sdfat.o
  CC      drivers/md/dm-stripe.o
  LD      drivers/gpu/msm/built-in.o
  CC      drivers/md/dm-ioctl.o
  LD      drivers/gpu/built-in.o
  CC      fs/sdfat/core.o
  CC      drivers/md/dm-io.o
  CC      drivers/md/dm-kcopyd.o
  CC      drivers/md/dm-sysfs.o
  CC      drivers/md/dm-stats.o
  CC      drivers/md/dm-rq.o
  CC      drivers/md/dm-builtin.o
  CC      drivers/md/dm-bufio.o
  CC      fs/sdfat/core_fat.o
  CC      fs/sdfat/core_exfat.o
  CC      fs/sdfat/blkdev.o
  CC      fs/sdfat/dfr.o
  CC      drivers/md/dm-crypt.o
  CC      fs/sdfat/mpage.o
  CC      drivers/md/dm-default-key.o
  CC      drivers/md/dm-verity-fec.o
  CC      drivers/md/dm-verity-target.o
  CC      drivers/md/dm-req-crypt.o
  CC      drivers/md/dm-bow.o
  LD      fs/sdfat/sdfat_fs.o
  CC      fs/aio.o
  LD      fs/sdfat/built-in.o
  LD      drivers/md/dm-mod.o
  CC      drivers/mmc/card/block.o
  LD      drivers/md/dm-verity.o
  LD      drivers/md/built-in.o
  CC      fs/compat_ioctl.o
  CC      drivers/mmc/card/queue.o
  CC      drivers/misc/uid_sys_stats.o
  LD      drivers/misc/built-in.o
  LD      drivers/mmc/card/mmc_block.o
  LD      drivers/mmc/card/built-in.o
  CC      drivers/mmc/host/sdhci.o
  CC      drivers/mmc/host/sdhci-pltfm.o
  CC      drivers/mmc/core/core.o
  CC      drivers/platform/msm/usb_bam.o
  CC      drivers/power/supply/qcom/qpnp-fg.o
  CC      drivers/mmc/core/bus.o
  CC      drivers/mmc/host/sdhci-msm.o
  LD      drivers/platform/msm/built-in.o
  CC      drivers/mmc/host/sdhci-msm-ice.o
  LD      drivers/power/supply/qcom/built-in.o
  CC      drivers/mmc/core/host.o
  CC      drivers/mmc/core/mmc.o
  CC      drivers/mmc/host/cmdq_hci.o
  CC      drivers/mmc/core/mmc_ops.o
  CC      fs/drop_caches.o
  LD      drivers/mmc/host/built-in.o
  CC      drivers/mmc/core/sd.o
  CC      drivers/mmc/core/sd_ops.o
  CC      drivers/scsi/scsi.o
  LD      drivers/platform/built-in.o
  CC      drivers/scsi/hosts.o
  LD      fs/built-in.o
  CC      drivers/soc/qcom/rq_stats.o
  LD      drivers/power/supply/built-in.o
  LD      drivers/power/built-in.o
  CC      drivers/scsi/scsi_ioctl.o
  CC      drivers/scsi/scsicam.o
  CC      drivers/soc/qcom/msm_performance.o
  CC      drivers/soc/qcom/big_cluster_min_freq_adjust.o
  LD      drivers/soc/qcom/built-in.o
  CC      drivers/mmc/core/sdio.o
  CC      drivers/scsi/scsi_error.o
  CC      drivers/scsi/scsi_lib.o
  CC      drivers/scsi/constants.o
  CC      drivers/thermal/cpu_cooling.o
  CC      drivers/mmc/core/sdio_ops.o
  CC      drivers/mmc/core/sdio_bus.o
  CC      drivers/mmc/core/sdio_cis.o
  CC      drivers/mmc/core/sdio_io.o
  CC      drivers/thermal/qcom/bcl_soc.o
  CC      drivers/scsi/scsi_lib_dma.o
  CC      drivers/mmc/core/sdio_irq.o
  LD      drivers/thermal/qcom/built-in.o
  CC      drivers/scsi/scsi_scan.o
  CC      drivers/scsi/scsi_sysfs.o
  CC      drivers/scsi/scsi_devinfo.o
  CC      drivers/mmc/core/slot-gpio.o
  CC      drivers/mmc/core/pwrseq.o
  CC      drivers/mmc/core/debugfs.o
  CC      drivers/scsi/scsi_sysctl.o
  LD      drivers/thermal/thermal_sys.o
  CC      drivers/scsi/scsi_proc.o
  CC      drivers/scsi/scsi_trace.o
  CC      drivers/scsi/scsi_logging.o
  LD      drivers/mmc/core/mmc_core.o
  LD      drivers/mmc/core/built-in.o
  LD      drivers/mmc/built-in.o
  CC      drivers/scsi/scsi_pm.o
  CC      drivers/scsi/sd.o
  CC      drivers/scsi/sg.o
  CC      drivers/scsi/ufs/ufs-qcom.o
  LD      drivers/thermal/built-in.o
  CC      drivers/scsi/ufs/ufs-qcom-ice.o
  CC      drivers/scsi/ufs/ufshcd.o
  CC      drivers/scsi/ufs/ufs_quirks.o
  CC      drivers/scsi/ch.o
  LD      drivers/scsi/scsi_mod.o
  LD      drivers/scsi/sd_mod.o
  CC      drivers/scsi/ufs/ufshcd-pltfrm.o
  CC      drivers/scsi/ufs/ufs-debugfs.o
  CC      drivers/scsi/ufs/ufs-qcom-debugfs.o
  CC      drivers/usb/storage/scsiglue.o
  CC      drivers/usb/storage/protocol.o
  CC      drivers/usb/storage/transport.o
  CC      drivers/usb/storage/usb.o
  CC      drivers/usb/gadget/function/f_mass_storage.o
  CC      drivers/video/fbdev/msm/mdss_mdp.o
  LD      drivers/scsi/ufs/built-in.o
  LD      drivers/scsi/built-in.o
  CC      drivers/usb/storage/initializers.o
  LD      drivers/soc/built-in.o
  CC      drivers/usb/storage/sierra_ms.o
  CC      drivers/usb/gadget/function/storage_common.o
  CC      drivers/usb/storage/option_ms.o
  CC      drivers/usb/gadget/function/f_fs.o
  CC      drivers/usb/storage/alauda.o
  CC      drivers/usb/storage/cypress_atacb.o
  CC      drivers/usb/storage/datafab.o
  CC      drivers/usb/storage/freecom.o
  CC      drivers/usb/storage/isd200.o
  CC      drivers/usb/storage/jumpshot.o
  CC      drivers/usb/storage/karma.o
  CC      drivers/usb/storage/onetouch.o
  CC      drivers/usb/storage/sddr09.o
  CC      drivers/usb/storage/sddr55.o
  CC      drivers/usb/storage/shuttle_usbat.o
  LD      drivers/usb/storage/usb-storage.o
  LD      drivers/usb/storage/ums-alauda.o
  LD      drivers/usb/storage/ums-cypress.o
  LD      drivers/usb/storage/ums-datafab.o
  LD      drivers/usb/storage/ums-freecom.o
  LD      drivers/usb/storage/ums-isd200.o
  LD      drivers/usb/storage/ums-jumpshot.o
  LD      drivers/usb/storage/ums-karma.o
  CC      drivers/video/fbdev/msm/mdss_mdp_intf_cmd.o
  LD      drivers/usb/storage/ums-onetouch.o
  LD      drivers/usb/gadget/function/usb_f_mass_storage.o
  LD      drivers/usb/gadget/function/usb_f_fs.o
  LD      drivers/usb/gadget/function/built-in.o
  LD      drivers/usb/storage/ums-sddr55.o
  LD      drivers/usb/storage/ums-sddr09.o
  LD      drivers/usb/storage/ums-usbat.o
  LD      drivers/usb/storage/built-in.o
  LD      drivers/usb/gadget/built-in.o
  LD      drivers/usb/built-in.o
  LD      drivers/video/fbdev/msm/mdss-mdp.o
  LD      drivers/video/fbdev/msm/built-in.o
  LD      drivers/video/fbdev/built-in.o
  LD      drivers/video/built-in.o
  LD      drivers/built-in.o
  GEN     .version
  LD      vmlinux.o
  MODPOST vmlinux.o
  CHK     include/generated/compile.h
  UPD     include/generated/compile.h
  CC      init/version.o
  LD      init/built-in.o
  KSYM    .tmp_kallsyms1.o
  KSYM    .tmp_kallsyms2.o
  LD      vmlinux
  SORTEX  vmlinux
  SYSMAP  System.map
  OBJCOPY arch/arm64/boot/Image
  DTC     arch/arm64/boot/dts/qcom/apq8053.dtb
  DTC     arch/arm64/boot/dts/qcom/sdm450-pmi8940.dtb
  DTC     arch/arm64/boot/dts/qcom/msm8953-pmi8940.dtb
  DTC     arch/arm64/boot/dts/qcom/msm8953.dtb
  DTC     arch/arm64/boot/dts/qcom/apq8016-sbc.dtb
  DTC     arch/arm64/boot/dts/qcom/sdm450-pmi632.dtb
  DTC     arch/arm64/boot/dts/qcom/msm8996-mtp.dtb
  DTC     arch/arm64/boot/dts/qcom/sda450-pmi632.dtb
  DTC     arch/arm64/boot/dts/qcom/sdm632.dtb
  DTC     arch/arm64/boot/dts/qcom/sda450.dtb
  DTC     arch/arm64/boot/dts/qcom/msm8953-pmi632.dtb
  DTC     arch/arm64/boot/dts/qcom/msm8953-pmi8937.dtb
  DTC     arch/arm64/boot/dts/qcom/msm8916-mtp.dtb
  DTC     arch/arm64/boot/dts/qcom/sdm450-pmi8937.dtb
  DTC     arch/arm64/boot/dts/qcom/sdm450.dtb
  DTC     arch/arm64/boot/dts/qcom/apq8096-db820c.dtb
  DTC     arch/arm64/boot/dts/qcom/sdm632-pm8004.dtb
  GZIP    arch/arm64/boot/Image.gz
  CAT     arch/arm64/boot/Image.gz-dtb
make[1]: Leaving directory '/home/melles1991/craft-rom/kernel/onclite/out'
